Arguments: 
  C:\Program Files\nodejs\node.exe C:\Users\JxufeJian\AppData\Roaming\npm\node_modules\yarn\bin\yarn.js

PATH: 
  C:\windows\system32;C:\windows;C:\windows\System32\Wbem;C:\windows\System32\WindowsPowerShell\v1.0\;C:\windows\System32\OpenSSH\;C:\Program Files\Intel\WiFi\bin\;C:\Program Files\Common Files\Intel\WirelessCommon\;C:\Program Files\nodejs\;C:\Program Files\Git\cmd;C:\Users\JxufeJian\AppData\Local\Microsoft\WindowsApps;C:\Users\JxufeJian\AppData\Roaming\npm;D:\Visual Studio Code\Microsoft VS Code\bin

Yarn version: 
  1.16.0

Node version: 
  10.16.0

Platform: 
  win32 x64

Trace: 
  Error: ENOENT: no such file or directory, copyfile 'C:\Users\JxufeJian\AppData\Local\Yarn\Cache\v4\npm-pify-4.0.1-4b2cd25c50d598735c50292224fd8c6df41e3231\node_modules\pify\index.js' -> 'D:\Hand_learn\Hand_work\dva-redux\node_modules\af-webpack\node_modules\pify\index.js'

npm manifest: 
  {
    "private": true,
    "scripts": {
      "start": "roadhog server",
      "build": "roadhog build",
      "lint": "eslint --ext .js src test",
      "precommit": "npm run lint"
    },
    "dependencies": {
      "dva": "^2.4.1",
      "react": "^16.2.0",
      "react-dom": "^16.2.0"
    },
    "devDependencies": {
      "babel-plugin-dva-hmr": "^0.3.2",
      "eslint": "^4.14.0",
      "eslint-config-umi": "^0.1.1",
      "eslint-plugin-flowtype": "^2.34.1",
      "eslint-plugin-import": "^2.6.0",
      "eslint-plugin-jsx-a11y": "^5.1.1",
      "eslint-plugin-react": "^7.1.0",
      "husky": "^0.12.0",
      "redbox-react": "^1.4.3",
      "roadhog": "^2.5.0-beta.4"
    }
  }

yarn manifest: 
  No manifest

Lockfile: 
  No lockfile
